_________________________________________________________________
Layer (type)                 Output Shape              Param #
=================================================================
conv2d_1 (Conv2D)            (None, 1, 2472, 32)       20768
_________________________________________________________________
max_pooling2d_1 (MaxPooling2 (None, 1, 824, 32)        0
_________________________________________________________________
conv2d_2 (Conv2D)            (None, 1, 822, 32)        3104
_________________________________________________________________
max_pooling2d_2 (MaxPooling2 (None, 1, 274, 32)        0
_________________________________________________________________
conv2d_3 (Conv2D)            (None, 1, 272, 32)        3104
_________________________________________________________________
conv2d_4 (Conv2D)            (None, 1, 270, 64)        6208
_________________________________________________________________
conv2d_5 (Conv2D)            (None, 1, 268, 64)        12352
_________________________________________________________________
conv2d_6 (Conv2D)            (None, 1, 266, 64)        12352
_________________________________________________________________
max_pooling2d_3 (MaxPooling2 (None, 1, 88, 64)         0
_________________________________________________________________
flatten_1 (Flatten)          (None, 5632)              0
_________________________________________________________________
dropout_1 (Dropout)          (None, 5632)              0
_________________________________________________________________
dense_1 (Dense)              (None, 256)               1442048
_________________________________________________________________
dropout_2 (Dropout)          (None, 256)               0
_________________________________________________________________
dense_2 (Dense)              (None, 256)               65792
_________________________________________________________________
dense_3 (Dense)              (None, 88)                22616
=================================================================
Total params: 1,588,344
Trainable params: 1,588,344
Non-trainable params: 0
_________________________________________________________________
None
Epoch 1/1
 1/64 [..............................] - ETA: 38:43 - loss: 4.4771 - acc: 0.0312
 2/64 [..............................] - ETA: 34:16 - loss: 4.4766 - acc: 0.0156
 3/64 [>.............................] - ETA: 32:47 - loss: 4.4754 - acc: 0.0208
 4/64 [>.............................] - ETA: 30:56 - loss: 4.4737 - acc: 0.0391
 5/64 [=>............................] - ETA: 30:50 - loss: 4.4692 - acc: 0.0563
 6/64 [=>............................] - ETA: 30:20 - loss: 4.4645 - acc: 0.0625
 7/64 [==>...........................] - ETA: 30:05 - loss: 4.4516 - acc: 0.0848
 8/64 [==>...........................] - ETA: 29:32 - loss: 4.4356 - acc: 0.0977
 9/64 [===>..........................] - ETA: 29:39 - loss: 4.4137 - acc: 0.1042
10/64 [===>..........................] - ETA: 28:28 - loss: 4.4036 - acc: 0.0969
11/64 [====>.........................] - ETA: 27:03 - loss: 4.3891 - acc: 0.0938
12/64 [====>.........................] - ETA: 25:21 - loss: 4.3682 - acc: 0.0990
13/64 [=====>........................] - ETA: 24:02 - loss: 4.3375 - acc: 0.0986
14/64 [=====>........................] - ETA: 22:44 - loss: 4.3106 - acc: 0.1027
15/64 [======>.......................] - ETA: 21:39 - loss: 4.3139 - acc: 0.1042
16/64 [======>.......................] - ETA: 20:38 - loss: 4.2799 - acc: 0.1133
17/64 [======>.......................] - ETA: 19:38 - loss: 4.2448 - acc: 0.1121
18/64 [=======>......................] - ETA: 18:50 - loss: 4.2198 - acc: 0.1128
19/64 [=======>......................] - ETA: 18:06 - loss: 4.1969 - acc: 0.1151
20/64 [========>.....................] - ETA: 17:21 - loss: 4.1701 - acc: 0.1187
21/64 [========>.....................] - ETA: 16:45 - loss: 4.1459 - acc: 0.1205
22/64 [=========>....................] - ETA: 16:03 - loss: 4.1237 - acc: 0.1193
23/64 [=========>....................] - ETA: 15:28 - loss: 4.1094 - acc: 0.1223
24/64 [==========>...................] - ETA: 14:51 - loss: 4.0883 - acc: 0.1224
25/64 [==========>...................] - ETA: 14:20 - loss: 4.0753 - acc: 0.1237
26/64 [===========>..................] - ETA: 13:49 - loss: 4.0600 - acc: 0.1286
27/64 [===========>..................] - ETA: 13:19 - loss: 4.0542 - acc: 0.1250
28/64 [============>.................] - ETA: 12:48 - loss: 4.0426 - acc: 0.1250
29/64 [============>.................] - ETA: 12:21 - loss: 4.0373 - acc: 0.1239
30/64 [=============>................] - ETA: 11:56 - loss: 4.0360 - acc: 0.1219
31/64 [=============>................] - ETA: 11:29 - loss: 4.0259 - acc: 0.1220
32/64 [==============>...............] - ETA: 11:04 - loss: 4.0138 - acc: 0.1211
33/64 [==============>...............] - ETA: 10:37 - loss: 4.0033 - acc: 0.1231
34/64 [==============>...............] - ETA: 10:11 - loss: 3.9991 - acc: 0.1222
35/64 [===============>..............] - ETA: 9:47 - loss: 3.9829 - acc: 0.1241
36/64 [===============>..............] - ETA: 9:23 - loss: 3.9790 - acc: 0.1215
37/64 [================>.............] - ETA: 8:59 - loss: 3.9748 - acc: 0.1199
38/64 [================>.............] - ETA: 8:36 - loss: 3.9654 - acc: 0.1201
39/64 [=================>............] - ETA: 8:13 - loss: 3.9622 - acc: 0.1186
40/64 [=================>............] - ETA: 7:50 - loss: 3.9549 - acc: 0.1180
41/64 [==================>...........] - ETA: 7:29 - loss: 3.9507 - acc: 0.1181
42/64 [==================>...........] - ETA: 7:07 - loss: 3.9482 - acc: 0.1176
43/64 [===================>..........] - ETA: 6:47 - loss: 3.9410 - acc: 0.1170
44/64 [===================>..........] - ETA: 6:25 - loss: 3.9305 - acc: 0.1200
45/64 [====================>.........] - ETA: 6:05 - loss: 3.9255 - acc: 0.1181
46/64 [====================>.........] - ETA: 5:44 - loss: 3.9137 - acc: 0.1189
47/64 [=====================>........] - ETA: 5:24 - loss: 3.9087 - acc: 0.1184
48/64 [=====================>........] - ETA: 5:03 - loss: 3.9033 - acc: 0.1172
49/64 [=====================>........] - ETA: 4:43 - loss: 3.8911 - acc: 0.1193
50/64 [======================>.......] - ETA: 4:23 - loss: 3.8812 - acc: 0.1200
51/64 [======================>.......] - ETA: 4:04 - loss: 3.8743 - acc: 0.1207
52/64 [=======================>......] - ETA: 3:45 - loss: 3.8817 - acc: 0.1196
53/64 [=======================>......] - ETA: 3:26 - loss: 3.8787 - acc: 0.1185
54/64 [========================>.....] - ETA: 3:06 - loss: 3.8693 - acc: 0.1192
55/64 [========================>.....] - ETA: 2:47 - loss: 3.8616 - acc: 0.1216
56/64 [=========================>....] - ETA: 2:28 - loss: 3.8590 - acc: 0.1211
57/64 [=========================>....] - ETA: 2:09 - loss: 3.8504 - acc: 0.1217
58/64 [==========================>...] - ETA: 1:50 - loss: 3.8480 - acc: 0.1207
59/64 [==========================>...] - ETA: 1:31 - loss: 3.8434 - acc: 0.1208
60/64 [===========================>..] - ETA: 1:13 - loss: 3.8480 - acc: 0.1203
61/64 [===========================>..] - ETA: 54s - loss: 3.8452 - acc: 0.1204
62/64 [============================>.] - ETA: 36s - loss: 3.8452 - acc: 0.1190
63/64 [============================>.] - ETA: 18s - loss: 3.8454 - acc: 0.1186
64/64 [==============================] - 1350s 21s/step - loss: 3.8416 - acc: 0.1187 - val_loss: 3.6317 - val_acc: 0.1211
Test accuracy: 0.1279296875