_________________________________________________________________
Layer (type)                 Output Shape              Param #
=================================================================
conv2d_1 (Conv2D)            (None, 413, 97, 32)       12832
_________________________________________________________________
max_pooling2d_1 (MaxPooling2 (None, 413, 32, 32)       0
_________________________________________________________________
conv2d_2 (Conv2D)            (None, 413, 30, 32)       3104
_________________________________________________________________
max_pooling2d_2 (MaxPooling2 (None, 413, 10, 32)       0
_________________________________________________________________
flatten_1 (Flatten)          (None, 132160)            0
_________________________________________________________________
dropout_1 (Dropout)          (None, 132160)            0
_________________________________________________________________
dense_1 (Dense)              (None, 256)               33833216
_________________________________________________________________
dense_2 (Dense)              (None, 88)                22616
=================================================================
Total params: 33,871,768
Trainable params: 33,871,768
Non-trainable params: 0
_________________________________________________________________
None
Epoch 1/1

 1/64 [..............................] - ETA: 16:18 - loss: 4.4852 - acc: 0.0000e+00
 2/64 [..............................] - ETA: 11:11 - loss: 4.4442 - acc: 0.0469
 3/64 [>.............................] - ETA: 9:30 - loss: 4.4069 - acc: 0.0625
 4/64 [>.............................] - ETA: 8:38 - loss: 4.4155 - acc: 0.0781
 5/64 [=>............................] - ETA: 7:56 - loss: 4.4614 - acc: 0.0750
 6/64 [=>............................] - ETA: 7:30 - loss: 4.4170 - acc: 0.0781
 7/64 [==>...........................] - ETA: 7:10 - loss: 4.3828 - acc: 0.0848
 8/64 [==>...........................] - ETA: 6:52 - loss: 4.2867 - acc: 0.0977
 9/64 [===>..........................] - ETA: 6:36 - loss: 4.2276 - acc: 0.1007
10/64 [===>..........................] - ETA: 6:23 - loss: 4.2564 - acc: 0.0938
11/64 [====>.........................] - ETA: 6:13 - loss: 4.1935 - acc: 0.0966
12/64 [====>.........................] - ETA: 6:04 - loss: 4.1612 - acc: 0.1016
13/64 [=====>........................] - ETA: 5:54 - loss: 4.1183 - acc: 0.1058
14/64 [=====>........................] - ETA: 5:44 - loss: 4.0872 - acc: 0.1138
15/64 [======>.......................] - ETA: 5:34 - loss: 4.0663 - acc: 0.1208
16/64 [======>.......................] - ETA: 5:24 - loss: 4.0315 - acc: 0.1211
17/64 [======>.......................] - ETA: 5:15 - loss: 4.0129 - acc: 0.1176
18/64 [=======>......................] - ETA: 5:06 - loss: 4.0012 - acc: 0.1198
19/64 [=======>......................] - ETA: 4:58 - loss: 3.9608 - acc: 0.1250
20/64 [========>.....................] - ETA: 4:50 - loss: 3.9466 - acc: 0.1219
21/64 [========>.....................] - ETA: 4:42 - loss: 3.9332 - acc: 0.1220
22/64 [=========>....................] - ETA: 4:34 - loss: 3.9222 - acc: 0.1179
23/64 [=========>....................] - ETA: 4:27 - loss: 3.9105 - acc: 0.1209
24/64 [==========>...................] - ETA: 4:19 - loss: 3.9049 - acc: 0.1224
25/64 [==========>...................] - ETA: 4:12 - loss: 3.8998 - acc: 0.1200
26/64 [===========>..................] - ETA: 4:05 - loss: 3.8873 - acc: 0.1214
27/64 [===========>..................] - ETA: 3:58 - loss: 3.8741 - acc: 0.1227
28/64 [============>.................] - ETA: 3:50 - loss: 3.8570 - acc: 0.1217
29/64 [============>.................] - ETA: 3:43 - loss: 3.8496 - acc: 0.1207
30/64 [=============>................] - ETA: 3:37 - loss: 3.8433 - acc: 0.1208
31/64 [=============>................] - ETA: 3:30 - loss: 3.8429 - acc: 0.1200
32/64 [==============>...............] - ETA: 3:23 - loss: 3.8273 - acc: 0.1211
33/64 [==============>...............] - ETA: 3:17 - loss: 3.8304 - acc: 0.1212
34/64 [==============>...............] - ETA: 3:10 - loss: 3.8238 - acc: 0.1186
35/64 [===============>..............] - ETA: 3:04 - loss: 3.8122 - acc: 0.1214
36/64 [===============>..............] - ETA: 2:57 - loss: 3.8089 - acc: 0.1181
37/64 [================>.............] - ETA: 2:50 - loss: 3.7981 - acc: 0.1199
38/64 [================>.............] - ETA: 2:44 - loss: 3.8013 - acc: 0.1168
39/64 [=================>............] - ETA: 2:37 - loss: 3.7977 - acc: 0.1170
40/64 [=================>............] - ETA: 2:31 - loss: 3.7922 - acc: 0.1156
41/64 [==================>...........] - ETA: 2:24 - loss: 3.7752 - acc: 0.1189
42/64 [==================>...........] - ETA: 2:18 - loss: 3.7716 - acc: 0.1190
43/64 [===================>..........] - ETA: 2:11 - loss: 3.7702 - acc: 0.1206
44/64 [===================>..........] - ETA: 2:05 - loss: 3.7629 - acc: 0.1193
45/64 [====================>.........] - ETA: 1:59 - loss: 3.7567 - acc: 0.1201
46/64 [====================>.........] - ETA: 1:52 - loss: 3.7553 - acc: 0.1189
47/64 [=====================>........] - ETA: 1:46 - loss: 3.7494 - acc: 0.1177
48/64 [=====================>........] - ETA: 1:40 - loss: 3.7474 - acc: 0.1178
49/64 [=====================>........] - ETA: 1:33 - loss: 3.7459 - acc: 0.1161
50/64 [======================>.......] - ETA: 1:27 - loss: 3.7438 - acc: 0.1150
51/64 [======================>.......] - ETA: 1:21 - loss: 3.7411 - acc: 0.1146
52/64 [=======================>......] - ETA: 1:14 - loss: 3.7373 - acc: 0.1136
53/64 [=======================>......] - ETA: 1:08 - loss: 3.7339 - acc: 0.1126
54/64 [========================>.....] - ETA: 1:02 - loss: 3.7333 - acc: 0.1123
55/64 [========================>.....] - ETA: 55s - loss: 3.7320 - acc: 0.1125
56/64 [=========================>....] - ETA: 49s - loss: 3.7252 - acc: 0.1116
57/64 [=========================>....] - ETA: 43s - loss: 3.7183 - acc: 0.1135
58/64 [==========================>...] - ETA: 37s - loss: 3.7178 - acc: 0.1142
59/64 [==========================>...] - ETA: 31s - loss: 3.7162 - acc: 0.1149
60/64 [===========================>..] - ETA: 24s - loss: 3.7132 - acc: 0.1141
61/64 [===========================>..] - ETA: 18s - loss: 3.7140 - acc: 0.1153
62/64 [============================>.] - ETA: 12s - loss: 3.7056 - acc: 0.1159
63/64 [============================>.] - ETA: 6s - loss: 3.7095 - acc: 0.1156
64/64 [==============================] - 420s 7s/step - loss: 3.7097 - acc: 0.1143 - val_loss: 3.4734 - val_acc: 0.1543
Test accuracy: 0.1396484375