_________________________________________________________________
Layer (type)                 Output Shape              Param #
=================================================================
conv1d_1 (Conv1D)            (None, 51200, 32)         128
_________________________________________________________________
max_pooling1d_1 (MaxPooling1 (None, 25600, 32)         0
_________________________________________________________________
lstm_1 (LSTM)                (None, 100)               53200
_________________________________________________________________
dropout_1 (Dropout)          (None, 100)               0
_________________________________________________________________
dense_1 (Dense)              (None, 256)               25856
_________________________________________________________________
dense_2 (Dense)              (None, 88)                22616
=================================================================
Total params: 101,800
Trainable params: 101,800
Non-trainable params: 0
_________________________________________________________________

Epoch 1/1

  64/2367 [..............................] - ETA: 22:19 - loss: 4.4773 - acc: 0.0312
 128/2367 [>.............................] - ETA: 21:43 - loss: 4.4764 - acc: 0.0312
 192/2367 [=>............................] - ETA: 19:34 - loss: 4.4757 - acc: 0.0260
 256/2367 [==>...........................] - ETA: 18:19 - loss: 4.4748 - acc: 0.0547
 320/2367 [===>..........................] - ETA: 17:57 - loss: 4.4739 - acc: 0.0875
 384/2367 [===>..........................] - ETA: 17:15 - loss: 4.4731 - acc: 0.1042
 448/2367 [====>.........................] - ETA: 16:29 - loss: 4.4724 - acc: 0.1027
 512/2367 [=====>........................] - ETA: 16:11 - loss: 4.4719 - acc: 0.0996
 576/2367 [======>.......................] - ETA: 15:58 - loss: 4.4710 - acc: 0.1059
 640/2367 [=======>......................] - ETA: 15:17 - loss: 4.4703 - acc: 0.1094
 704/2367 [=======>......................] - ETA: 14:35 - loss: 4.4697 - acc: 0.1165
 768/2367 [========>.....................] - ETA: 14:04 - loss: 4.4689 - acc: 0.1185
 832/2367 [=========>....................] - ETA: 13:25 - loss: 4.4681 - acc: 0.1142
 896/2367 [==========>...................] - ETA: 13:05 - loss: 4.4676 - acc: 0.1116
 960/2367 [===========>..................] - ETA: 12:40 - loss: 4.4670 - acc: 0.1104
1024/2367 [===========>..................] - ETA: 12:10 - loss: 4.4664 - acc: 0.1094
1088/2367 [============>.................] - ETA: 11:49 - loss: 4.4656 - acc: 0.1149
1152/2367 [=============>................] - ETA: 11:10 - loss: 4.4649 - acc: 0.1120
1216/2367 [==============>...............] - ETA: 10:33 - loss: 4.4643 - acc: 0.1110
1280/2367 [===============>..............] - ETA: 9:57 - loss: 4.4638 - acc: 0.1102
1344/2367 [================>.............] - ETA: 9:21 - loss: 4.4631 - acc: 0.1094
1408/2367 [================>.............] - ETA: 8:47 - loss: 4.4624 - acc: 0.1094
1472/2367 [=================>............] - ETA: 8:11 - loss: 4.4615 - acc: 0.1107
1536/2367 [==================>...........] - ETA: 7:36 - loss: 4.4610 - acc: 0.1113
1600/2367 [===================>..........] - ETA: 7:00 - loss: 4.4603 - acc: 0.1138
1664/2367 [====================>.........] - ETA: 6:25 - loss: 4.4596 - acc: 0.1130
1728/2367 [====================>.........] - ETA: 5:48 - loss: 4.4588 - acc: 0.1146
1792/2367 [=====================>........] - ETA: 5:13 - loss: 4.4583 - acc: 0.1122
1856/2367 [======================>.......] - ETA: 4:37 - loss: 4.4575 - acc: 0.1153
1920/2367 [=======================>......] - ETA: 4:03 - loss: 4.4569 - acc: 0.1167
1984/2367 [========================>.....] - ETA: 3:28 - loss: 4.4561 - acc: 0.1190
2048/2367 [========================>.....] - ETA: 2:53 - loss: 4.4555 - acc: 0.1196
2112/2367 [=========================>....] - ETA: 2:19 - loss: 4.4549 - acc: 0.1193
2176/2367 [==========================>...] - ETA: 1:44 - loss: 4.4543 - acc: 0.1222
2240/2367 [===========================>..] - ETA: 1:09 - loss: 4.4536 - acc: 0.1210
2304/2367 [============================>.] - ETA: 34s - loss: 4.4530 - acc: 0.1211
2367/2367 [==============================] - 1372s 580ms/step - loss: 4.4524 - acc: 0.1213 - val_loss: 4.4287 - val_acc: 0.1291
Test accuracy: 0.129113924088